\BOOKMARK [0][-]{chapter.1}{\376\377\000H\000i\000e\000r\000a\000r\000c\000h\000i\000c\000a\000l\000\040\000I\000n\000d\000e\000x}{}% 1
\BOOKMARK [1][-]{section.1.1}{\376\377\000C\000l\000a\000s\000s\000\040\000H\000i\000e\000r\000a\000r\000c\000h\000y}{chapter.1}% 2
\BOOKMARK [0][-]{chapter.2}{\376\377\000C\000l\000a\000s\000s\000\040\000I\000n\000d\000e\000x}{}% 3
\BOOKMARK [1][-]{section.2.1}{\376\377\000C\000l\000a\000s\000s\000\040\000L\000i\000s\000t}{chapter.2}% 4
\BOOKMARK [0][-]{chapter.3}{\376\377\000C\000l\000a\000s\000s\000\040\000D\000o\000c\000u\000m\000e\000n\000t\000a\000t\000i\000o\000n}{}% 5
\BOOKMARK [1][-]{section.3.1}{\376\377\000A\000p\000p\000D\000e\000l\000e\000g\000a\000t\000e\000\040\000C\000l\000a\000s\000s\000\040\000R\000e\000f\000e\000r\000e\000n\000c\000e}{chapter.3}% 6
\BOOKMARK [1][-]{section.3.2}{\376\377\000D\000r\000a\000w\000V\000i\000e\000w\000C\000o\000n\000t\000r\000o\000l\000l\000e\000r\000\040\000C\000l\000a\000s\000s\000\040\000R\000e\000f\000e\000r\000e\000n\000c\000e}{chapter.3}% 7
\BOOKMARK [2][-]{subsection.3.2.1}{\376\377\000M\000e\000t\000h\000o\000d\000\040\000D\000o\000c\000u\000m\000e\000n\000t\000a\000t\000i\000o\000n}{section.3.2}% 8
\BOOKMARK [3][-]{subsubsection.3.2.1.1}{\376\377\000e\000r\000a\000s\000e\000r\000P\000r\000e\000s\000s\000e\000d\000:}{subsection.3.2.1}% 9
\BOOKMARK [3][-]{subsubsection.3.2.1.2}{\376\377\000p\000e\000n\000c\000i\000l\000P\000r\000e\000s\000s\000e\000d\000:}{subsection.3.2.1}% 10
\BOOKMARK [3][-]{subsubsection.3.2.1.3}{\376\377\000R\000G\000B\000O\000p\000S\000w\000i\000t\000c\000h\000:}{subsection.3.2.1}% 11
\BOOKMARK [3][-]{subsubsection.3.2.1.4}{\376\377\000s\000h\000o\000w\000O\000p\000t\000i\000o\000n\000s\000:}{subsection.3.2.1}% 12
\BOOKMARK [3][-]{subsubsection.3.2.1.5}{\376\377\000s\000h\000o\000w\000S\000e\000t\000t\000i\000n\000g\000s\000:}{subsection.3.2.1}% 13
\BOOKMARK [3][-]{subsubsection.3.2.1.6}{\376\377\000s\000l\000i\000d\000e\000r\000C\000h\000a\000n\000g\000e\000d\000:}{subsection.3.2.1}% 14
\BOOKMARK [1][-]{section.3.3}{\376\377\000D\000r\000a\000w\000V\000i\000e\000w\000C\000o\000n\000t\000r\000o\000l\000l\000e\000r\000\050\000\051\000\040\000C\000a\000t\000e\000g\000o\000r\000y\000\040\000R\000e\000f\000e\000r\000e\000n\000c\000e}{chapter.3}% 15
\BOOKMARK [1][-]{section.3.4}{\376\377\000E\000x\000p\000l\000o\000r\000e\000V\000i\000e\000w\000C\000o\000n\000t\000r\000o\000l\000l\000e\000r\000\040\000C\000l\000a\000s\000s\000\040\000R\000e\000f\000e\000r\000e\000n\000c\000e}{chapter.3}% 16
\BOOKMARK [2][-]{subsection.3.4.1}{\376\377\000M\000e\000t\000h\000o\000d\000\040\000D\000o\000c\000u\000m\000e\000n\000t\000a\000t\000i\000o\000n}{section.3.4}% 17
\BOOKMARK [3][-]{subsubsection.3.4.1.1}{\376\377\000r\000a\000t\000e\000P\000i\000c\000t\000u\000r\000e\000:}{subsection.3.4.1}% 18
\BOOKMARK [1][-]{section.3.5}{\376\377\000E\000x\000p\000l\000o\000r\000e\000V\000i\000e\000w\000C\000o\000n\000t\000r\000o\000l\000l\000e\000r\000\050\000\051\000\040\000C\000a\000t\000e\000g\000o\000r\000y\000\040\000R\000e\000f\000e\000r\000e\000n\000c\000e}{chapter.3}% 19
\BOOKMARK [1][-]{section.3.6}{\376\377\000M\000a\000i\000n\000M\000e\000n\000u\000V\000i\000e\000w\000C\000o\000n\000t\000r\000o\000l\000l\000e\000r\000\040\000C\000l\000a\000s\000s\000\040\000R\000e\000f\000e\000r\000e\000n\000c\000e}{chapter.3}% 20
\BOOKMARK [1][-]{section.3.7}{\376\377\000M\000a\000i\000n\000M\000e\000n\000u\000V\000i\000e\000w\000C\000o\000n\000t\000r\000o\000l\000l\000e\000r\000\050\000\051\000\040\000C\000a\000t\000e\000g\000o\000r\000y\000\040\000R\000e\000f\000e\000r\000e\000n\000c\000e}{chapter.3}% 21
\BOOKMARK [1][-]{section.3.8}{\376\377\000R\000e\000c\000o\000r\000d\000V\000i\000e\000w\000C\000o\000n\000t\000r\000o\000l\000l\000e\000r\000\040\000C\000l\000a\000s\000s\000\040\000R\000e\000f\000e\000r\000e\000n\000c\000e}{chapter.3}% 22
\BOOKMARK [2][-]{subsection.3.8.1}{\376\377\000M\000e\000t\000h\000o\000d\000\040\000D\000o\000c\000u\000m\000e\000n\000t\000a\000t\000i\000o\000n}{section.3.8}% 23
\BOOKMARK [3][-]{subsubsection.3.8.1.1}{\376\377\000p\000l\000a\000y\000A\000u\000d\000i\000o\000:}{subsection.3.8.1}% 24
\BOOKMARK [3][-]{subsubsection.3.8.1.2}{\376\377\000r\000e\000c\000o\000r\000d\000A\000u\000d\000i\000o\000:}{subsection.3.8.1}% 25
\BOOKMARK [3][-]{subsubsection.3.8.1.3}{\376\377\000s\000e\000n\000d\000S\000o\000u\000n\000d\000:}{subsection.3.8.1}% 26
\BOOKMARK [3][-]{subsubsection.3.8.1.4}{\376\377\000s\000t\000o\000p\000:}{subsection.3.8.1}% 27
\BOOKMARK [2][-]{subsection.3.8.2}{\376\377\000M\000e\000m\000b\000e\000r\000\040\000D\000a\000t\000a\000\040\000D\000o\000c\000u\000m\000e\000n\000t\000a\000t\000i\000o\000n}{section.3.8}% 28
\BOOKMARK [3][-]{subsubsection.3.8.2.1}{\376\377\000a\000u\000d\000i\000o\000P\000l\000a\000y\000e\000r}{subsection.3.8.2}% 29
\BOOKMARK [1][-]{section.3.9}{\376\377\000R\000e\000c\000o\000r\000d\000V\000i\000e\000w\000C\000o\000n\000t\000r\000o\000l\000l\000e\000r\000\050\000\051\000\040\000C\000a\000t\000e\000g\000o\000r\000y\000\040\000R\000e\000f\000e\000r\000e\000n\000c\000e}{chapter.3}% 30
\BOOKMARK [-1][-]{section.3.9}{\376\377\000I\000n\000d\000e\000x}{}% 31
